# JRE version: OpenJDK Runtime Environment (8.0_242-b01) (build 1.8.0_242-release-1644-b01)
# Java VM: OpenJDK 64-Bit Server VM (25.242-b01 mixed mode windows-amd64 compressed oops)
Heap:
 PSYoungGen      total 535040K, used 258018K [0x00000000d5580000, 0x00000000fd900000, 0x0000000100000000)
  eden space 432128K, 51% used [0x00000000d5580000,0x00000000e2e4e310,0x00000000efb80000)
  from space 102912K, 34% used [0x00000000efb80000,0x00000000f1eaa5e8,0x00000000f6000000)
  to   space 96256K, 0% used [0x00000000f7b00000,0x00000000f7b00000,0x00000000fd900000)
 ParOldGen       total 514048K, used 97780K [0x0000000080000000, 0x000000009f600000, 0x00000000d5580000)
  object space 514048K, 19% used [0x0000000080000000,0x0000000085f7d2e8,0x000000009f600000)
 Metaspace       used 189497K, capacity 200340K, committed 201408K, reserved 1222656K
  class space    used 25007K, capacity 27012K, committed 27584K, reserved 1048576K
GC Heap History (10 events):
Event: 2546.203 GC heap before
{Heap before GC invocations=32 (full 5):
 PSYoungGen      total 440832K, used 35256K [0x00000000d5580000, 0x00000000fad80000, 0x0000000100000000)
  eden space 405504K, 0% used [0x00000000d5580000,0x00000000d5580000,0x00000000ee180000)
  from space 35328K, 99% used [0x00000000eed00000,0x00000000f0f6e1f8,0x00000000f0f80000)
  to   space 104448K, 0% used [0x00000000f4780000,0x00000000f4780000,0x00000000fad80000)
 ParOldGen       total 379392K, used 197693K [0x0000000080000000, 0x0000000097280000, 0x00000000d5580000)
  object space 379392K, 52% used [0x0000000080000000,0x000000008c10f4d8,0x0000000097280000)
 Metaspace       used 153097K, capacity 164004K, committed 164160K, reserved 1189888K
  class space    used 20768K, capacity 23005K, committed 23104K, reserved 1048576K
Event: 2546.388 GC heap after
Heap after GC invocations=32 (full 5):
 PSYoungGen      total 440832K, used 0K [0x00000000d5580000, 0x00000000fad80000, 0x0000000100000000)
  eden space 405504K, 0% used [0x00000000d5580000,0x00000000d5580000,0x00000000ee180000)
  from space 35328K, 0% used [0x00000000eed00000,0x00000000eed00000,0x00000000f0f80000)
  to   space 104448K, 0% used [0x00000000f4780000,0x00000000f4780000,0x00000000fad80000)
 ParOldGen       total 514048K, used 97748K [0x0000000080000000, 0x000000009f600000, 0x00000000d5580000)
  object space 514048K, 19% used [0x0000000080000000,0x0000000085f752e8,0x000000009f600000)
 Metaspace       used 150004K, capacity 157830K, committed 164160K, reserved 1189888K
  class space    used 19853K, capacity 21337K, committed 23104K, reserved 1048576K
}
Event: 2547.688 GC heap before
{Heap before GC invocations=33 (full 5):
 PSYoungGen      total 440832K, used 405504K [0x00000000d5580000, 0x00000000fad80000, 0x0000000100000000)
  eden space 405504K, 100% used [0x00000000d5580000,0x00000000ee180000,0x00000000ee180000)
  from space 35328K, 0% used [0x00000000eed00000,0x00000000eed00000,0x00000000f0f80000)
  to   space 104448K, 0% used [0x00000000f4780000,0x00000000f4780000,0x00000000fad80000)
 ParOldGen       total 514048K, used 97748K [0x0000000080000000, 0x000000009f600000, 0x00000000d5580000)
  object space 514048K, 19% used [0x0000000080000000,0x0000000085f752e8,0x000000009f600000)
 Metaspace       used 158118K, capacity 166830K, committed 171200K, reserved 1196032K
  class space    used 21079K, capacity 22731K, committed 24000K, reserved 1048576K
Event: 2547.728 GC heap after
Heap after GC invocations=33 (full 5):
 PSYoungGen      total 498176K, used 82822K [0x00000000d5580000, 0x00000000ffa80000, 0x0000000100000000)
  eden space 393728K, 0% used [0x00000000d5580000,0x00000000d5580000,0x00000000ed600000)
  from space 104448K, 79% used [0x00000000f4780000,0x00000000f98618f8,0x00000000fad80000)
  to   space 116224K, 0% used [0x00000000ed600000,0x00000000ed600000,0x00000000f4780000)
 ParOldGen       total 514048K, used 97756K [0x0000000080000000, 0x000000009f600000, 0x00000000d5580000)
  object space 514048K, 19% used [0x0000000080000000,0x0000000085f772e8,0x000000009f600000)
 Metaspace       used 158118K, capacity 166830K, committed 171200K, reserved 1196032K
  class space    used 21079K, capacity 22731K, committed 24000K, reserved 1048576K
}
Event: 2579.440 GC heap before
{Heap before GC invocations=34 (full 5):
 PSYoungGen      total 498176K, used 476550K [0x00000000d5580000, 0x00000000ffa80000, 0x0000000100000000)
  eden space 393728K, 100% used [0x00000000d5580000,0x00000000ed600000,0x00000000ed600000)
  from space 104448K, 79% used [0x00000000f4780000,0x00000000f98618f8,0x00000000fad80000)
  to   space 116224K, 0% used [0x00000000ed600000,0x00000000ed600000,0x00000000f4780000)
 ParOldGen       total 514048K, used 97756K [0x0000000080000000, 0x000000009f600000, 0x00000000d5580000)
  object space 514048K, 19% used [0x0000000080000000,0x0000000085f772e8,0x000000009f600000)
 Metaspace       used 165986K, capacity 175912K, committed 178240K, reserved 1202176K
  class space    used 21999K, capacity 23826K, committed 24640K, reserved 1048576K
Event: 2579.461 GC heap after
Heap after GC invocations=34 (full 5):
 PSYoungGen      total 509952K, used 31495K [0x00000000d5580000, 0x00000000fd800000, 0x0000000100000000)
  eden space 393728K, 0% used [0x00000000d5580000,0x00000000d5580000,0x00000000ed600000)
  from space 116224K, 27% used [0x00000000ed600000,0x00000000ef4c1e70,0x00000000f4780000)
  to   space 109056K, 0% used [0x00000000f6d80000,0x00000000f6d80000,0x00000000fd800000)
 ParOldGen       total 514048K, used 97764K [0x0000000080000000, 0x000000009f600000, 0x00000000d5580000)
  object space 514048K, 19% used [0x0000000080000000,0x0000000085f792e8,0x000000009f600000)
 Metaspace       used 165986K, capacity 175912K, committed 178240K, reserved 1202176K
  class space    used 21999K, capacity 23826K, committed 24640K, reserved 1048576K
}
Event: 3161.246 GC heap before
{Heap before GC invocations=35 (full 5):
 PSYoungGen      total 509952K, used 425223K [0x00000000d5580000, 0x00000000fd800000, 0x0000000100000000)
  eden space 393728K, 100% used [0x00000000d5580000,0x00000000ed600000,0x00000000ed600000)
  from space 116224K, 27% used [0x00000000ed600000,0x00000000ef4c1e70,0x00000000f4780000)
  to   space 109056K, 0% used [0x00000000f6d80000,0x00000000f6d80000,0x00000000fd800000)
 ParOldGen       total 514048K, used 97764K [0x0000000080000000, 0x000000009f600000, 0x00000000d5580000)
  object space 514048K, 19% used [0x0000000080000000,0x0000000085f792e8,0x000000009f600000)
 Metaspace       used 180261K, capacity 190782K, committed 192448K, reserved 1214464K
  class space    used 23950K, capacity 25883K, committed 26560K, reserved 1048576K
Event: 3161.266 GC heap after
Heap after GC invocations=35 (full 5):
 PSYoungGen      total 521216K, used 38375K [0x00000000d5580000, 0x00000000fc480000, 0x0000000100000000)
  eden space 432128K, 0% used [0x00000000d5580000,0x00000000d5580000,0x00000000efb80000)
  from space 89088K, 43% used [0x00000000f6d80000,0x00000000f92f9c38,0x00000000fc480000)
  to   space 102912K, 0% used [0x00000000efb80000,0x00000000efb80000,0x00000000f6000000)
 ParOldGen       total 514048K, used 97772K [0x0000000080000000, 0x000000009f600000, 0x00000000d5580000)
  object space 514048K, 19% used [0x0000000080000000,0x0000000085f7b2e8,0x000000009f600000)
 Metaspace       used 180261K, capacity 190782K, committed 192448K, reserved 1214464K
  class space    used 23950K, capacity 25883K, committed 26560K, reserved 1048576K
}
Event: 3343.838 GC heap before
{Heap before GC invocations=36 (full 5):
 PSYoungGen      total 521216K, used 470503K [0x00000000d5580000, 0x00000000fc480000, 0x0000000100000000)
  eden space 432128K, 100% used [0x00000000d5580000,0x00000000efb80000,0x00000000efb80000)
  from space 89088K, 43% used [0x00000000f6d80000,0x00000000f92f9c38,0x00000000fc480000)
  to   space 102912K, 0% used [0x00000000efb80000,0x00000000efb80000,0x00000000f6000000)
 ParOldGen       total 514048K, used 97772K [0x0000000080000000, 0x000000009f600000, 0x00000000d5580000)
  object space 514048K, 19% used [0x0000000080000000,0x0000000085f7b2e8,0x000000009f600000)
 Metaspace       used 189311K, capacity 200066K, committed 201152K, reserved 1222656K
  class space    used 24996K, capacity 27001K, committed 27584K, reserved 1048576K
Event: 3343.876 GC heap after
Heap after GC invocations=36 (full 5):
 PSYoungGen      total 535040K, used 36009K [0x00000000d5580000, 0x00000000fd900000, 0x0000000100000000)
  eden space 432128K, 0% used [0x00000000d5580000,0x00000000d5580000,0x00000000efb80000)
  from space 102912K, 34% used [0x00000000efb80000,0x00000000f1eaa5e8,0x00000000f6000000)
  to   space 96256K, 0% used [0x00000000f7b00000,0x00000000f7b00000,0x00000000fd900000)
 ParOldGen       total 514048K, used 97780K [0x0000000080000000, 0x000000009f600000, 0x00000000d5580000)
  object space 514048K, 19% used [0x0000000080000000,0x0000000085f7d2e8,0x000000009f600000)
 Metaspace       used 189311K, capacity 200066K, committed 201152K, reserved 1222656K
  class space    used 24996K, capacity 27001K, committed 27584K, reserved 1048576K
}

