# JRE version: OpenJDK Runtime Environment (8.0_242-b01) (build 1.8.0_242-release-1644-b01)
# Java VM: OpenJDK 64-Bit Server VM (25.242-b01 mixed mode windows-amd64 compressed oops)
Heap:
 PSYoungGen      total 621056K, used 97544K [0x00000000d5580000, 0x00000000ffa00000, 0x0000000100000000)
  eden space 553472K, 16% used [0x00000000d5580000,0x00000000dadbf0c8,0x00000000f7200000)
  from space 67584K, 10% used [0x00000000fb800000,0x00000000fbf10d88,0x00000000ffa00000)
  to   space 69632K, 0% used [0x00000000f7200000,0x00000000f7200000,0x00000000fb600000)
 ParOldGen       total 745472K, used 572281K [0x0000000080000000, 0x00000000ad800000, 0x00000000d5580000)
  object space 745472K, 76% used [0x0000000080000000,0x00000000a2ede6e8,0x00000000ad800000)
 Metaspace       used 467131K, capacity 493852K, committed 494144K, reserved 1478656K
  class space    used 60166K, capacity 65292K, committed 65344K, reserved 1048576K
GC Heap History (10 events):
Event: 2435.875 GC heap before
{Heap before GC invocations=95 (full 7):
 PSYoungGen      total 594432K, used 529610K [0x00000000d5580000, 0x00000000ff800000, 0x0000000100000000)
  eden space 506368K, 100% used [0x00000000d5580000,0x00000000f4400000,0x00000000f4400000)
  from space 88064K, 26% used [0x00000000f4400000,0x00000000f5ab2b00,0x00000000f9a00000)
  to   space 82432K, 0% used [0x00000000fa780000,0x00000000fa780000,0x00000000ff800000)
 ParOldGen       total 745472K, used 528558K [0x0000000080000000, 0x00000000ad800000, 0x00000000d5580000)
  object space 745472K, 70% used [0x0000000080000000,0x00000000a042b910,0x00000000ad800000)
 Metaspace       used 466794K, capacity 493454K, committed 493632K, reserved 1478656K
  class space    used 60137K, capacity 65253K, committed 65344K, reserved 1048576K
Event: 2435.891 GC heap after
Heap after GC invocations=95 (full 7):
 PSYoungGen      total 608256K, used 7223K [0x00000000d5580000, 0x00000000ff580000, 0x0000000100000000)
  eden space 528384K, 0% used [0x00000000d5580000,0x00000000d5580000,0x00000000f5980000)
  from space 79872K, 9% used [0x00000000fa780000,0x00000000fae8ddd8,0x00000000ff580000)
  to   space 79872K, 0% used [0x00000000f5980000,0x00000000f5980000,0x00000000fa780000)
 ParOldGen       total 745472K, used 544338K [0x0000000080000000, 0x00000000ad800000, 0x00000000d5580000)
  object space 745472K, 73% used [0x0000000080000000,0x00000000a1394b48,0x00000000ad800000)
 Metaspace       used 466794K, capacity 493454K, committed 493632K, reserved 1478656K
  class space    used 60137K, capacity 65253K, committed 65344K, reserved 1048576K
}
Event: 2436.401 GC heap before
{Heap before GC invocations=96 (full 7):
 PSYoungGen      total 608256K, used 535607K [0x00000000d5580000, 0x00000000ff580000, 0x0000000100000000)
  eden space 528384K, 100% used [0x00000000d5580000,0x00000000f5980000,0x00000000f5980000)
  from space 79872K, 9% used [0x00000000fa780000,0x00000000fae8ddd8,0x00000000ff580000)
  to   space 79872K, 0% used [0x00000000f5980000,0x00000000f5980000,0x00000000fa780000)
 ParOldGen       total 745472K, used 544338K [0x0000000080000000, 0x00000000ad800000, 0x00000000d5580000)
  object space 745472K, 73% used [0x0000000080000000,0x00000000a1394b48,0x00000000ad800000)
 Metaspace       used 466803K, capacity 493454K, committed 493632K, reserved 1478656K
  class space    used 60137K, capacity 65253K, committed 65344K, reserved 1048576K
Event: 2436.419 GC heap after
Heap after GC invocations=96 (full 7):
 PSYoungGen      total 608256K, used 9447K [0x00000000d5580000, 0x00000000ffa00000, 0x0000000100000000)
  eden space 528384K, 0% used [0x00000000d5580000,0x00000000d5580000,0x00000000f5980000)
  from space 79872K, 11% used [0x00000000f5980000,0x00000000f62b9d70,0x00000000fa780000)
  to   space 76800K, 0% used [0x00000000faf00000,0x00000000faf00000,0x00000000ffa00000)
 ParOldGen       total 745472K, used 549795K [0x0000000080000000, 0x00000000ad800000, 0x00000000d5580000)
  object space 745472K, 73% used [0x0000000080000000,0x00000000a18e8f70,0x00000000ad800000)
 Metaspace       used 466803K, capacity 493454K, committed 493632K, reserved 1478656K
  class space    used 60137K, capacity 65253K, committed 65344K, reserved 1048576K
}
Event: 2437.113 GC heap before
{Heap before GC invocations=97 (full 7):
 PSYoungGen      total 608256K, used 537831K [0x00000000d5580000, 0x00000000ffa00000, 0x0000000100000000)
  eden space 528384K, 100% used [0x00000000d5580000,0x00000000f5980000,0x00000000f5980000)
  from space 79872K, 11% used [0x00000000f5980000,0x00000000f62b9d70,0x00000000fa780000)
  to   space 76800K, 0% used [0x00000000faf00000,0x00000000faf00000,0x00000000ffa00000)
 ParOldGen       total 745472K, used 549795K [0x0000000080000000, 0x00000000ad800000, 0x00000000d5580000)
  object space 745472K, 73% used [0x0000000080000000,0x00000000a18e8f70,0x00000000ad800000)
 Metaspace       used 466817K, capacity 493454K, committed 493632K, reserved 1478656K
  class space    used 60137K, capacity 65253K, committed 65344K, reserved 1048576K
Event: 2437.132 GC heap after
Heap after GC invocations=97 (full 7):
 PSYoungGen      total 614912K, used 8639K [0x00000000d5580000, 0x00000000ff600000, 0x0000000100000000)
  eden space 542208K, 0% used [0x00000000d5580000,0x00000000d5580000,0x00000000f6700000)
  from space 72704K, 11% used [0x00000000faf00000,0x00000000fb76feb0,0x00000000ff600000)
  to   space 73216K, 0% used [0x00000000f6700000,0x00000000f6700000,0x00000000fae80000)
 ParOldGen       total 745472K, used 557553K [0x0000000080000000, 0x00000000ad800000, 0x00000000d5580000)
  object space 745472K, 74% used [0x0000000080000000,0x00000000a207c4d8,0x00000000ad800000)
 Metaspace       used 466817K, capacity 493454K, committed 493632K, reserved 1478656K
  class space    used 60137K, capacity 65253K, committed 65344K, reserved 1048576K
}
Event: 2437.810 GC heap before
{Heap before GC invocations=98 (full 7):
 PSYoungGen      total 614912K, used 550847K [0x00000000d5580000, 0x00000000ff600000, 0x0000000100000000)
  eden space 542208K, 100% used [0x00000000d5580000,0x00000000f6700000,0x00000000f6700000)
  from space 72704K, 11% used [0x00000000faf00000,0x00000000fb76feb0,0x00000000ff600000)
  to   space 73216K, 0% used [0x00000000f6700000,0x00000000f6700000,0x00000000fae80000)
 ParOldGen       total 745472K, used 557553K [0x0000000080000000, 0x00000000ad800000, 0x00000000d5580000)
  object space 745472K, 74% used [0x0000000080000000,0x00000000a207c4d8,0x00000000ad800000)
 Metaspace       used 466859K, capacity 493522K, committed 493888K, reserved 1478656K
  class space    used 60137K, capacity 65253K, committed 65344K, reserved 1048576K
Event: 2437.837 GC heap after
Heap after GC invocations=98 (full 7):
 PSYoungGen      total 615424K, used 31891K [0x00000000d5580000, 0x00000000ffe80000, 0x0000000100000000)
  eden space 542208K, 0% used [0x00000000d5580000,0x00000000d5580000,0x00000000f6700000)
  from space 73216K, 43% used [0x00000000f6700000,0x00000000f8624dc8,0x00000000fae80000)
  to   space 72192K, 0% used [0x00000000fb800000,0x00000000fb800000,0x00000000ffe80000)
 ParOldGen       total 745472K, used 563525K [0x0000000080000000, 0x00000000ad800000, 0x00000000d5580000)
  object space 745472K, 75% used [0x0000000080000000,0x00000000a26515d0,0x00000000ad800000)
 Metaspace       used 466859K, capacity 493522K, committed 493888K, reserved 1478656K
  class space    used 60137K, capacity 65253K, committed 65344K, reserved 1048576K
}
Event: 2438.703 GC heap before
{Heap before GC invocations=99 (full 7):
 PSYoungGen      total 615424K, used 573563K [0x00000000d5580000, 0x00000000ffe80000, 0x0000000100000000)
  eden space 542208K, 99% used [0x00000000d5580000,0x00000000f667a0b0,0x00000000f6700000)
  from space 73216K, 43% used [0x00000000f6700000,0x00000000f8624dc8,0x00000000fae80000)
  to   space 72192K, 0% used [0x00000000fb800000,0x00000000fb800000,0x00000000ffe80000)
 ParOldGen       total 745472K, used 563525K [0x0000000080000000, 0x00000000ad800000, 0x00000000d5580000)
  object space 745472K, 75% used [0x0000000080000000,0x00000000a26515d0,0x00000000ad800000)
 Metaspace       used 466982K, capacity 493706K, committed 493888K, reserved 1478656K
  class space    used 60154K, capacity 65289K, committed 65344K, reserved 1048576K
Event: 2438.718 GC heap after
Heap after GC invocations=99 (full 7):
 PSYoungGen      total 621056K, used 7235K [0x00000000d5580000, 0x00000000ffa00000, 0x0000000100000000)
  eden space 553472K, 0% used [0x00000000d5580000,0x00000000d5580000,0x00000000f7200000)
  from space 67584K, 10% used [0x00000000fb800000,0x00000000fbf10d88,0x00000000ffa00000)
  to   space 69632K, 0% used [0x00000000f7200000,0x00000000f7200000,0x00000000fb600000)
 ParOldGen       total 745472K, used 572281K [0x0000000080000000, 0x00000000ad800000, 0x00000000d5580000)
  object space 745472K, 76% used [0x0000000080000000,0x00000000a2ede6e8,0x00000000ad800000)
 Metaspace       used 466982K, capacity 493706K, committed 493888K, reserved 1478656K
  class space    used 60154K, capacity 65289K, committed 65344K, reserved 1048576K
}

